0 info it worked if it ends with ok
1 verbose cli [ '/usr/local/bin/node',
1 verbose cli   '/usr/local/bin/npm',
1 verbose cli   'install',
1 verbose cli   '-g',
1 verbose cli   'grunt',
1 verbose cli   'grunt-cli' ]
2 info using npm@1.2.0
3 info using node@v0.8.17
4 verbose read json /usr/local/lib/package.json
5 verbose read json /usr/local/lib/package.json
6 verbose cache add [ 'grunt', null ]
7 silly cache add name=undefined spec="grunt" args=["grunt",null]
8 verbose parsed url { pathname: 'grunt', path: 'grunt', href: 'grunt' }
9 verbose cache add [ 'grunt-cli', null ]
10 silly cache add name=undefined spec="grunt-cli" args=["grunt-cli",null]
11 verbose parsed url { pathname: 'grunt-cli', path: 'grunt-cli', href: 'grunt-cli' }
12 silly lockFile 20ff3fd8-grunt grunt
13 verbose lock grunt /Users/patela33/.npm/20ff3fd8-grunt.lock
14 silly lockFile 671ef8ac-grunt-cli grunt-cli
15 verbose lock grunt-cli /Users/patela33/.npm/671ef8ac-grunt-cli.lock
16 silly lockFile 20ff3fd8-grunt grunt
17 silly lockFile 671ef8ac-grunt-cli grunt-cli
18 verbose addNamed [ 'grunt', '' ]
19 verbose addNamed [ null, '' ]
20 silly lockFile 55f1ff24-grunt grunt@
21 verbose lock grunt@ /Users/patela33/.npm/55f1ff24-grunt.lock
22 verbose addNamed [ 'grunt-cli', '' ]
23 verbose addNamed [ null, '' ]
24 silly lockFile d63f3d0b-grunt-cli grunt-cli@
25 verbose lock grunt-cli@ /Users/patela33/.npm/d63f3d0b-grunt-cli.lock
26 silly addNameRange { name: 'grunt', range: '', hasData: false }
27 silly addNameRange { name: 'grunt-cli', range: '', hasData: false }
28 verbose url raw grunt
29 verbose url resolving [ 'https://registry.npmjs.org/', './grunt' ]
30 verbose url resolved https://registry.npmjs.org/grunt
31 info trying registry request attempt 1 at 11:18:36
32 http GET https://registry.npmjs.org/grunt
33 verbose url raw grunt-cli
34 verbose url resolving [ 'https://registry.npmjs.org/', './grunt-cli' ]
35 verbose url resolved https://registry.npmjs.org/grunt-cli
36 info trying registry request attempt 1 at 11:18:36
37 http GET https://registry.npmjs.org/grunt-cli
38 http 200 https://registry.npmjs.org/grunt
39 silly registry.get cb [ 200,
39 silly registry.get   { server: 'CouchDB/1.5.0 (Erlang OTP/R16B03)',
39 silly registry.get     etag: '"CK0LVQNIMYIKLEUJ9YQ27CQWJ"',
39 silly registry.get     'content-type': 'application/json',
39 silly registry.get     'cache-control': 'max-age=300',
39 silly registry.get     'content-length': '100088',
39 silly registry.get     'accept-ranges': 'bytes',
39 silly registry.get     date: 'Thu, 15 Sep 2016 10:18:37 GMT',
39 silly registry.get     via: '1.1 varnish',
39 silly registry.get     age: '66',
39 silly registry.get     connection: 'keep-alive',
39 silly registry.get     'x-served-by': 'cache-lhr6339-LHR',
39 silly registry.get     'x-cache': 'HIT',
39 silly registry.get     'x-cache-hits': '1',
39 silly registry.get     'x-timer': 'S1473934717.140600,VS0,VE0',
39 silly registry.get     vary: 'Accept-Encoding' } ]
40 silly addNameRange number 2 { name: 'grunt', range: '', hasData: true }
41 silly addNameRange versions [ 'grunt',
41 silly addNameRange   [ '0.1.0',
41 silly addNameRange     '0.1.1',
41 silly addNameRange     '0.1.2',
41 silly addNameRange     '0.2.0',
41 silly addNameRange     '0.2.1',
41 silly addNameRange     '0.2.2',
41 silly addNameRange     '0.2.3',
41 silly addNameRange     '0.2.4',
41 silly addNameRange     '0.2.5',
41 silly addNameRange     '0.2.6',
41 silly addNameRange     '0.2.7',
41 silly addNameRange     '0.2.8',
41 silly addNameRange     '0.2.9',
41 silly addNameRange     '0.2.10',
41 silly addNameRange     '0.2.11',
41 silly addNameRange     '0.2.12',
41 silly addNameRange     '0.2.13',
41 silly addNameRange     '0.2.14',
41 silly addNameRange     '0.2.15',
41 silly addNameRange     '0.3.0',
41 silly addNameRange     '0.3.1',
41 silly addNameRange     '0.3.2',
41 silly addNameRange     '0.3.3',
41 silly addNameRange     '0.3.4',
41 silly addNameRange     '0.3.5',
41 silly addNameRange     '0.3.6',
41 silly addNameRange     '0.3.7',
41 silly addNameRange     '0.3.8',
41 silly addNameRange     '0.3.9',
41 silly addNameRange     '0.3.10',
41 silly addNameRange     '0.3.11',
41 silly addNameRange     '0.3.12',
41 silly addNameRange     '0.3.13',
41 silly addNameRange     '0.3.14',
41 silly addNameRange     '0.3.15',
41 silly addNameRange     '0.3.16',
41 silly addNameRange     '0.3.17',
41 silly addNameRange     '0.4.0',
41 silly addNameRange     '0.4.1',
41 silly addNameRange     '0.4.2',
41 silly addNameRange     '0.4.3',
41 silly addNameRange     '0.4.4',
41 silly addNameRange     '0.4.5',
41 silly addNameRange     '1.0.0-rc1',
41 silly addNameRange     '1.0.0',
41 silly addNameRange     '1.0.1',
41 silly addNameRange     '0.3.13-a',
41 silly addNameRange     '0.4.0-a',
41 silly addNameRange     '0.4.0-rc1',
41 silly addNameRange     '0.4.0-rc2',
41 silly addNameRange     '0.4.0-rc3',
41 silly addNameRange     '0.4.0-rc4',
41 silly addNameRange     '0.4.0-rc5',
41 silly addNameRange     '0.4.0-rc6',
41 silly addNameRange     '0.4.0-rc7',
41 silly addNameRange     '0.4.0-rc8' ] ]
42 verbose addNamed [ 'grunt', '1.0.1' ]
43 verbose addNamed [ '1.0.1', '1.0.1' ]
44 silly lockFile 75468da5-grunt-1-0-1 grunt@1.0.1
45 verbose lock grunt@1.0.1 /Users/patela33/.npm/75468da5-grunt-1-0-1.lock
46 verbose read json /Users/patela33/.npm/grunt/1.0.1/package/package.json
47 silly lockFile 75468da5-grunt-1-0-1 grunt@1.0.1
48 silly lockFile 55f1ff24-grunt grunt@
49 http 200 https://registry.npmjs.org/grunt-cli
50 silly registry.get cb [ 200,
50 silly registry.get   { server: 'CouchDB/1.5.0 (Erlang OTP/R16B03)',
50 silly registry.get     etag: '"8TAVQGJM936FBBDUGRZ5N8VBL"',
50 silly registry.get     'content-type': 'application/json',
50 silly registry.get     'cache-control': 'max-age=300',
50 silly registry.get     'content-length': '31970',
50 silly registry.get     'accept-ranges': 'bytes',
50 silly registry.get     date: 'Thu, 15 Sep 2016 10:18:37 GMT',
50 silly registry.get     via: '1.1 varnish',
50 silly registry.get     age: '0',
50 silly registry.get     connection: 'keep-alive',
50 silly registry.get     'x-served-by': 'cache-lhr6324-LHR',
50 silly registry.get     'x-cache': 'HIT',
50 silly registry.get     'x-cache-hits': '1',
50 silly registry.get     'x-timer': 'S1473934717.134883,VS0,VE100',
50 silly registry.get     vary: 'Accept-Encoding' } ]
51 silly addNameRange number 2 { name: 'grunt-cli', range: '', hasData: true }
52 silly addNameRange versions [ 'grunt-cli',
52 silly addNameRange   [ '0.1.0',
52 silly addNameRange     '0.1.1',
52 silly addNameRange     '0.1.2',
52 silly addNameRange     '0.1.3',
52 silly addNameRange     '0.1.4',
52 silly addNameRange     '0.1.5',
52 silly addNameRange     '0.1.6',
52 silly addNameRange     '0.1.7',
52 silly addNameRange     '0.1.8',
52 silly addNameRange     '0.1.9',
52 silly addNameRange     '0.1.10',
52 silly addNameRange     '0.1.11',
52 silly addNameRange     '0.1.12',
52 silly addNameRange     '0.1.13',
52 silly addNameRange     '1.0.0-rc1',
52 silly addNameRange     '1.0.0',
52 silly addNameRange     '1.0.1',
52 silly addNameRange     '1.1.0',
52 silly addNameRange     '1.2.0' ] ]
53 verbose addNamed [ 'grunt-cli', '1.2.0' ]
54 verbose addNamed [ '1.2.0', '1.2.0' ]
55 silly lockFile 923e46ff-grunt-cli-1-2-0 grunt-cli@1.2.0
56 verbose lock grunt-cli@1.2.0 /Users/patela33/.npm/923e46ff-grunt-cli-1-2-0.lock
57 verbose read json /Users/patela33/.npm/grunt-cli/1.2.0/package/package.json
58 silly lockFile 923e46ff-grunt-cli-1-2-0 grunt-cli@1.2.0
59 silly lockFile d63f3d0b-grunt-cli grunt-cli@
60 silly resolved [ { name: 'grunt',
60 silly resolved     description: 'The JavaScript Task Runner',
60 silly resolved     version: '1.0.1',
60 silly resolved     author:
60 silly resolved      { name: 'Grunt Development Team',
60 silly resolved        url: 'http://gruntjs.com/development-team' },
60 silly resolved     homepage: 'http://gruntjs.com/',
60 silly resolved     repository: { type: 'git', url: 'git+https://github.com/gruntjs/grunt.git' },
60 silly resolved     license: 'MIT',
60 silly resolved     engines: { node: '>=0.10.0' },
60 silly resolved     scripts: { test: 'grunt test', 'test-tap': 'grunt test:tap' },
60 silly resolved     main: 'lib/grunt',
60 silly resolved     bin: { grunt: 'bin/grunt' },
60 silly resolved     keywords:
60 silly resolved      [ 'task',
60 silly resolved        'async',
60 silly resolved        'cli',
60 silly resolved        'minify',
60 silly resolved        'uglify',
60 silly resolved        'build',
60 silly resolved        'lodash',
60 silly resolved        'unit',
60 silly resolved        'test',
60 silly resolved        'qunit',
60 silly resolved        'nodeunit',
60 silly resolved        'server',
60 silly resolved        'init',
60 silly resolved        'scaffold',
60 silly resolved        'make',
60 silly resolved        'jake',
60 silly resolved        'tool' ],
60 silly resolved     dependencies:
60 silly resolved      { 'coffee-script': '~1.10.0',
60 silly resolved        dateformat: '~1.0.12',
60 silly resolved        eventemitter2: '~0.4.13',
60 silly resolved        exit: '~0.1.1',
60 silly resolved        'findup-sync': '~0.3.0',
60 silly resolved        glob: '~7.0.0',
60 silly resolved        'grunt-cli': '~1.2.0',
60 silly resolved        'grunt-known-options': '~1.1.0',
60 silly resolved        'grunt-legacy-log': '~1.0.0',
60 silly resolved        'grunt-legacy-util': '~1.0.0',
60 silly resolved        'iconv-lite': '~0.4.13',
60 silly resolved        'js-yaml': '~3.5.2',
60 silly resolved        minimatch: '~3.0.0',
60 silly resolved        nopt: '~3.0.6',
60 silly resolved        'path-is-absolute': '~1.0.0',
60 silly resolved        rimraf: '~2.2.8' },
60 silly resolved     devDependencies:
60 silly resolved      { difflet: '~0.2.3',
60 silly resolved        'grunt-contrib-jshint': '~1.0.0',
60 silly resolved        'grunt-contrib-nodeunit': '~0.4.1',
60 silly resolved        'grunt-contrib-watch': '~1.0.0',
60 silly resolved        'grunt-jscs': '~2.8.0',
60 silly resolved        semver: '2.1.0',
60 silly resolved        shelljs: '~0.5.3',
60 silly resolved        temporary: '~0.0.4',
60 silly resolved        through2: '~2.0.0' },
60 silly resolved     files: [ 'lib', 'bin' ],
60 silly resolved     contributors: [ [Object], [Object], [Object], [Object], [Object] ],
60 silly resolved     gitHead: '8ada4948b69c6ec9b1e956b5e6b2e6814fa054ca',
60 silly resolved     bugs: { url: 'https://github.com/gruntjs/grunt/issues' },
60 silly resolved     _id: 'grunt@1.0.1',
60 silly resolved     _shasum: 'e8778764e944b18f32bb0f10b9078475c9dfb56b',
60 silly resolved     _from: 'grunt',
60 silly resolved     _npmVersion: '2.15.2',
60 silly resolved     _nodeVersion: '4.4.1',
60 silly resolved     _npmUser: { name: 'shama', email: 'kyle@dontkry.com' },
60 silly resolved     maintainers: [ [Object], [Object], [Object], [Object] ],
60 silly resolved     dist:
60 silly resolved      { shasum: 'e8778764e944b18f32bb0f10b9078475c9dfb56b',
60 silly resolved        tarball: 'https://registry.npmjs.org/grunt/-/grunt-1.0.1.tgz' },
60 silly resolved     _npmOperationalInternal:
60 silly resolved      { host: 'packages-12-west.internal.npmjs.com',
60 silly resolved        tmp: 'tmp/grunt-1.0.1.tgz_1459880209209_0.8634267684537917' },
60 silly resolved     directories: {},
60 silly resolved     _resolved: 'https://registry.npmjs.org/grunt/-/grunt-1.0.1.tgz',
60 silly resolved     readme: 'ERROR: No README data found!' },
60 silly resolved   { name: 'grunt-cli',
60 silly resolved     description: 'The grunt command line interface',
60 silly resolved     version: '1.2.0',
60 silly resolved     author:
60 silly resolved      { name: 'Grunt Development Team',
60 silly resolved        url: 'http://gruntjs.com/development-team' },
60 silly resolved     repository:
60 silly resolved      { type: 'git',
60 silly resolved        url: 'git+https://github.com/gruntjs/grunt-cli.git' },
60 silly resolved     license: 'MIT',
60 silly resolved     engines: { node: '>=0.10.0' },
60 silly resolved     scripts: { test: 'node bin/grunt test' },
60 silly resolved     bin: { grunt: 'bin/grunt' },
60 silly resolved     dependencies:
60 silly resolved      { 'findup-sync': '~0.3.0',
60 silly resolved        'grunt-known-options': '~1.1.0',
60 silly resolved        nopt: '~3.0.6',
60 silly resolved        resolve: '~1.1.0' },
60 silly resolved     devDependencies: { grunt: '~0.4.5', 'grunt-contrib-jshint': '~1.0.0' },
60 silly resolved     files: [ 'bin', 'completion', 'lib' ],
60 silly resolved     appveyor_id: 'prp6g944b05jsq6d',
60 silly resolved     contributors: [ [Object], [Object], [Object], [Object] ],
60 silly resolved     gitHead: 'edd8bd29a72f2f28b63fe2629fcb7b9d9f2feb46',
60 silly resolved     bugs: { url: 'https://github.com/gruntjs/grunt-cli/issues' },
60 silly resolved     homepage: 'https://github.com/gruntjs/grunt-cli#readme',
60 silly resolved     _id: 'grunt-cli@1.2.0',
60 silly resolved     _shasum: '562b119ebb069ddb464ace2845501be97b35b6a8',
60 silly resolved     _from: 'grunt-cli',
60 silly resolved     _npmVersion: '3.8.2',
60 silly resolved     _nodeVersion: '4.2.3',
60 silly resolved     _npmUser: { name: 'vladikoff', email: 'vlad@vladikoff.com' },
60 silly resolved     dist:
60 silly resolved      { shasum: '562b119ebb069ddb464ace2845501be97b35b6a8',
60 silly resolved        tarball: 'https://registry.npmjs.org/grunt-cli/-/grunt-cli-1.2.0.tgz' },
60 silly resolved     maintainers: [ [Object], [Object], [Object], [Object] ],
60 silly resolved     _npmOperationalInternal:
60 silly resolved      { host: 'packages-12-west.internal.npmjs.com',
60 silly resolved        tmp: 'tmp/grunt-cli-1.2.0.tgz_1459558434299_0.8824446983635426' },
60 silly resolved     directories: {},
60 silly resolved     _resolved: 'https://registry.npmjs.org/grunt-cli/-/grunt-cli-1.2.0.tgz',
60 silly resolved     readme: 'ERROR: No README data found!' } ]
61 info install grunt@1.0.1 into /usr/local/lib
62 info install grunt-cli@1.2.0 into /usr/local/lib
63 info installOne grunt@1.0.1
64 warn engine grunt@1.0.1: wanted: {"node":">=0.10.0"} (current: {"node":"v0.8.17","npm":"1.2.0"})
65 info installOne grunt-cli@1.2.0
66 warn engine grunt-cli@1.2.0: wanted: {"node":">=0.10.0"} (current: {"node":"v0.8.17","npm":"1.2.0"})
67 verbose from cache /Users/patela33/.npm/grunt/1.0.1/package/package.json
68 verbose from cache /Users/patela33/.npm/grunt-cli/1.2.0/package/package.json
69 info /usr/local/lib/node_modules/grunt unbuild
70 verbose read json /usr/local/lib/node_modules/grunt/package.json
71 info /usr/local/lib/node_modules/grunt-cli unbuild
72 verbose read json /usr/local/lib/node_modules/grunt-cli/package.json
73 info preuninstall grunt-cli@1.2.0
74 info uninstall grunt-cli@1.2.0
75 verbose true,/usr/local/lib/node_modules,/usr/local/lib/node_modules unbuild grunt-cli@1.2.0
76 verbose /usr/local/bin,[object Object] binRoot
77 info /usr/local/lib/node_modules/grunt-cli unbuild
78 verbose read json /usr/local/lib/node_modules/grunt-cli/package.json
79 info preuninstall grunt@1.0.1
80 info preuninstall grunt-cli@1.2.0
81 info uninstall grunt@1.0.1
82 info uninstall grunt-cli@1.2.0
83 verbose true,/usr/local/lib/node_modules,/usr/local/lib/node_modules unbuild grunt@1.0.1
84 verbose /usr/local/bin,[object Object] binRoot
85 verbose true,/usr/local/lib/node_modules,/usr/local/lib/node_modules unbuild grunt-cli@1.2.0
86 verbose /usr/local/bin,[object Object] binRoot
87 info postuninstall grunt@1.0.1
88 info postuninstall grunt-cli@1.2.0
89 verbose tar unpack /Users/patela33/.npm/grunt/1.0.1/package.tgz
90 silly lockFile 37320430-usr-local-lib-node-modules-grunt /usr/local/lib/node_modules/grunt
91 verbose lock /usr/local/lib/node_modules/grunt /Users/patela33/.npm/37320430-usr-local-lib-node-modules-grunt.lock
92 silly gunzTarPerm modes [ '755', '644' ]
93 error Refusing to delete: /usr/local/bin/grunt not in /usr/local/lib/node_modules/grunt-cli
File exists: /usr/local/bin/grunt
Move it away, and try again.
94 error System Darwin 15.5.0
95 error command "/usr/local/bin/node" "/usr/local/bin/npm" "install" "-g" "grunt" "grunt-cli"
96 error cwd /Users/patela33/workspace/grunt-parallel-behat
97 error node -v v0.8.17
98 error npm -v 1.2.0
99 error path /usr/local/bin/grunt
100 error code EEXIST
101 verbose exit [ 1, true ]
